android/app/build/intermediates/manifest_merge_blame_file/debug/manifest-merger-blame-debug-report.txt
1<?xml version="1.0" encoding="utf-8"?>
2<manifest xmlns:android="http://schemas.android.com/apk/res/android"
3    package="com.snps"
4    android:versionCode="1"
5    android:versionName="1.0" >
6
7    <uses-sdk
8        android:minSdkVersion="21"
9        android:targetSdkVersion="33" />
10
11    <uses-permission android:name="android.permission.SYSTEM_ALERT_WINDOW" />
11-->src\debug\AndroidManifest.xml:5:5-77
11-->src\debug\AndroidManifest.xml:5:22-75
12    <uses-permission android:name="android.permission.ACCEPT_HANDOVER" />
12-->src\main\AndroidManifest.xml:3:3-72
12-->src\main\AndroidManifest.xml:3:20-69
13    <uses-permission android:name="android.permission.ACCESS_BACKGROUND_LOCATION" />
13-->src\main\AndroidManifest.xml:4:3-83
13-->src\main\AndroidManifest.xml:4:20-80
14    <uses-permission android:name="android.permission.ACCESS_COARSE_LOCATION" />
14-->src\main\AndroidManifest.xml:5:3-79
14-->src\main\AndroidManifest.xml:5:20-76
15    <uses-permission android:name="android.permission.ACCESS_FINE_LOCATION" />
15-->src\main\AndroidManifest.xml:6:3-77
15-->src\main\AndroidManifest.xml:6:20-74
16    <uses-permission android:name="android.permission.ACCESS_MEDIA_LOCATION" />
16-->src\main\AndroidManifest.xml:7:3-78
16-->src\main\AndroidManifest.xml:7:20-75
17    <uses-permission android:name="android.permission.ACTIVITY_RECOGNITION" />
17-->src\main\AndroidManifest.xml:8:3-77
17-->src\main\AndroidManifest.xml:8:20-74
18    <uses-permission android:name="com.android.voicemail.permission.ADD_VOICEMAIL" />
18-->src\main\AndroidManifest.xml:9:3-84
18-->src\main\AndroidManifest.xml:9:20-81
19    <uses-permission android:name="android.permission.ANSWER_PHONE_CALLS" />
19-->src\main\AndroidManifest.xml:10:3-75
19-->src\main\AndroidManifest.xml:10:20-72
20    <uses-permission android:name="android.permission.BLUETOOTH_ADVERTISE" />
20-->src\main\AndroidManifest.xml:11:3-76
20-->src\main\AndroidManifest.xml:11:20-73
21    <uses-permission android:name="android.permission.BLUETOOTH_CONNECT" />
21-->src\main\AndroidManifest.xml:12:3-74
21-->src\main\AndroidManifest.xml:12:20-71
22    <uses-permission android:name="android.permission.BLUETOOTH_SCAN" />
22-->src\main\AndroidManifest.xml:13:3-71
22-->src\main\AndroidManifest.xml:13:20-68
23    <uses-permission android:name="android.permission.BODY_SENSORS" />
23-->src\main\AndroidManifest.xml:14:3-69
23-->src\main\AndroidManifest.xml:14:20-66
24    <uses-permission android:name="android.permission.BODY_SENSORS_BACKGROUND" />
24-->src\main\AndroidManifest.xml:15:3-80
24-->src\main\AndroidManifest.xml:15:20-77
25    <uses-permission android:name="android.permission.CALL_PHONE" />
25-->src\main\AndroidManifest.xml:16:3-67
25-->src\main\AndroidManifest.xml:16:20-64
26    <uses-permission android:name="android.permission.CAMERA" />
26-->src\main\AndroidManifest.xml:17:3-63
26-->src\main\AndroidManifest.xml:17:20-60
27    <uses-permission android:name="android.permission.GET_ACCOUNTS" />
27-->src\main\AndroidManifest.xml:18:3-69
27-->src\main\AndroidManifest.xml:18:20-66
28    <uses-permission android:name="android.permission.NEARBY_WIFI_DEVICES" />
28-->src\main\AndroidManifest.xml:19:3-76
28-->src\main\AndroidManifest.xml:19:20-73
29    <uses-permission android:name="android.permission.POST_NOTIFICATIONS" />
29-->src\main\AndroidManifest.xml:20:3-75
29-->src\main\AndroidManifest.xml:20:20-72
30    <uses-permission android:name="android.permission.PROCESS_OUTGOING_CALLS" />
30-->src\main\AndroidManifest.xml:21:3-79
30-->src\main\AndroidManifest.xml:21:20-76
31    <uses-permission android:name="android.permission.READ_CALENDAR" />
31-->src\main\AndroidManifest.xml:22:3-70
31-->src\main\AndroidManifest.xml:22:20-67
32    <uses-permission android:name="android.permission.READ_CALL_LOG" />
32-->src\main\AndroidManifest.xml:23:3-70
32-->src\main\AndroidManifest.xml:23:20-67
33    <uses-permission android:name="android.permission.READ_CONTACTS" />
33-->src\main\AndroidManifest.xml:24:3-70
33-->src\main\AndroidManifest.xml:24:20-67
34    <uses-permission android:name="android.permission.READ_EXTERNAL_STORAGE" />
34-->src\main\AndroidManifest.xml:25:3-78
34-->src\main\AndroidManifest.xml:25:20-75
35    <uses-permission android:name="android.permission.READ_MEDIA_AUDIO" />
35-->src\main\AndroidManifest.xml:26:3-73
35-->src\main\AndroidManifest.xml:26:20-70
36    <uses-permission android:name="android.permission.READ_MEDIA_IMAGES" />
36-->src\main\AndroidManifest.xml:27:3-74
36-->src\main\AndroidManifest.xml:27:20-71
37    <uses-permission android:name="android.permission.READ_MEDIA_VIDEO" />
37-->src\main\AndroidManifest.xml:28:3-73
37-->src\main\AndroidManifest.xml:28:20-70
38    <uses-permission android:name="android.permission.READ_PHONE_NUMBERS" />
38-->src\main\AndroidManifest.xml:29:3-75
38-->src\main\AndroidManifest.xml:29:20-72
39    <uses-permission android:name="android.permission.READ_PHONE_STATE" />
39-->src\main\AndroidManifest.xml:30:3-73
39-->src\main\AndroidManifest.xml:30:20-70
40    <uses-permission android:name="android.permission.READ_SMS" />
40-->src\main\AndroidManifest.xml:31:3-65
40-->src\main\AndroidManifest.xml:31:20-62
41    <uses-permission android:name="android.permission.RECEIVE_MMS" />
41-->src\main\AndroidManifest.xml:32:3-68
41-->src\main\AndroidManifest.xml:32:20-65
42    <uses-permission android:name="android.permission.RECEIVE_SMS" />
42-->src\main\AndroidManifest.xml:33:3-68
42-->src\main\AndroidManifest.xml:33:20-65
43    <uses-permission android:name="android.permission.RECEIVE_WAP_PUSH" />
43-->src\main\AndroidManifest.xml:34:3-73
43-->src\main\AndroidManifest.xml:34:20-70
44    <uses-permission android:name="android.permission.RECORD_AUDIO" />
44-->src\main\AndroidManifest.xml:35:3-69
44-->src\main\AndroidManifest.xml:35:20-66
45    <uses-permission android:name="android.permission.SEND_SMS" />
45-->src\main\AndroidManifest.xml:36:3-65
45-->src\main\AndroidManifest.xml:36:20-62
46    <uses-permission android:name="android.permission.USE_SIP" />
46-->src\main\AndroidManifest.xml:37:3-64
46-->src\main\AndroidManifest.xml:37:20-61
47    <uses-permission android:name="android.permission.UWB_RANGING" />
47-->src\main\AndroidManifest.xml:38:3-68
47-->src\main\AndroidManifest.xml:38:20-65
48    <uses-permission android:name="android.permission.WRITE_CALENDAR" />
48-->src\main\AndroidManifest.xml:39:3-71
48-->src\main\AndroidManifest.xml:39:20-68
49    <uses-permission android:name="android.permission.WRITE_CALL_LOG" />
49-->src\main\AndroidManifest.xml:40:3-71
49-->src\main\AndroidManifest.xml:40:20-68
50    <uses-permission android:name="android.permission.WRITE_CONTACTS" />
50-->src\main\AndroidManifest.xml:41:3-71
50-->src\main\AndroidManifest.xml:41:20-68
51    <uses-permission android:name="android.permission.WRITE_EXTERNAL_STORAGE" />
51-->src\main\AndroidManifest.xml:42:3-79
51-->src\main\AndroidManifest.xml:42:20-76
52    <uses-permission android:name="android.permission.INTERNET" />
52-->[com.facebook.flipper:flipper:0.182.0] AndroidManifest.xml:15:5-67
52-->[com.facebook.flipper:flipper:0.182.0] AndroidManifest.xml:15:22-64
53    <uses-permission android:name="android.permission.ACCESS_WIFI_STATE" /> <!-- Include required permissions for Google Maps API to run. -->
53-->[com.facebook.flipper:flipper:0.182.0] AndroidManifest.xml:16:5-76
53-->[com.facebook.flipper:flipper:0.182.0] AndroidManifest.xml:16:22-73
54    <uses-permission android:name="android.permission.ACCESS_NETWORK_STATE" />
54-->[com.google.android.gms:play-services-maps:18.0.2] AndroidManifest.xml:23:5-79
54-->[com.google.android.gms:play-services-maps:18.0.2] AndroidManifest.xml:23:22-76
55
56    <uses-feature
56-->[com.google.android.gms:play-services-maps:18.0.2] AndroidManifest.xml:26:5-28:35
57        android:glEsVersion="0x00020000"
57-->[com.google.android.gms:play-services-maps:18.0.2] AndroidManifest.xml:27:9-41
58        android:required="true" />
58-->[com.google.android.gms:play-services-maps:18.0.2] AndroidManifest.xml:28:9-32
59
60    <queries>
60-->[com.google.android.gms:play-services-maps:18.0.2] AndroidManifest.xml:30:5-34:15
61
62        <!-- Needs to be explicitly declared on Android R+ -->
63        <package android:name="com.google.android.apps.maps" />
63-->[com.google.android.gms:play-services-maps:18.0.2] AndroidManifest.xml:33:9-64
63-->[com.google.android.gms:play-services-maps:18.0.2] AndroidManifest.xml:33:18-61
64    </queries>
65
66    <uses-permission android:name="android.permission.WAKE_LOCK" />
66-->[androidx.work:work-runtime:2.7.1] AndroidManifest.xml:25:5-68
66-->[androidx.work:work-runtime:2.7.1] AndroidManifest.xml:25:22-65
67    <uses-permission android:name="android.permission.RECEIVE_BOOT_COMPLETED" />
67-->[androidx.work:work-runtime:2.7.1] AndroidManifest.xml:27:5-81
67-->[androidx.work:work-runtime:2.7.1] AndroidManifest.xml:27:22-78
68    <uses-permission android:name="android.permission.FOREGROUND_SERVICE" />
68-->[androidx.work:work-runtime:2.7.1] AndroidManifest.xml:28:5-77
68-->[androidx.work:work-runtime:2.7.1] AndroidManifest.xml:28:22-74
69
70    <application
70-->src\main\AndroidManifest.xml:44:5-66:19
71        android:name="com.snps.MainApplication"
71-->src\main\AndroidManifest.xml:45:7-38
72        android:allowBackup="false"
72-->src\main\AndroidManifest.xml:49:7-34
73        android:appComponentFactory="androidx.core.app.CoreComponentFactory"
73-->[androidx.core:core:1.8.0] AndroidManifest.xml:24:18-86
74        android:debuggable="true"
75        android:icon="@mipmap/ic_launcher"
75-->src\main\AndroidManifest.xml:47:7-41
76        android:label="@string/app_name"
76-->src\main\AndroidManifest.xml:46:7-39
77        android:roundIcon="@mipmap/ic_launcher_round"
77-->src\main\AndroidManifest.xml:48:7-52
78        android:theme="@style/AppTheme"
78-->src\main\AndroidManifest.xml:50:7-38
79        android:usesCleartextTraffic="true" >
79-->src\debug\AndroidManifest.xml:8:9-44
80        <activity
80-->src\debug\AndroidManifest.xml:11:9-111
81            android:name="com.facebook.react.devsupport.DevSettingsActivity"
81-->src\debug\AndroidManifest.xml:11:19-83
82            android:exported="false" />
82-->src\debug\AndroidManifest.xml:11:84-108
83        <activity
83-->src\main\AndroidManifest.xml:51:7-62:18
84            android:name="com.snps.MainActivity"
84-->src\main\AndroidManifest.xml:52:9-37
85            android:configChanges="keyboard|keyboardHidden|orientation|screenLayout|screenSize|smallestScreenSize|uiMode"
85-->src\main\AndroidManifest.xml:54:9-118
86            android:exported="true"
86-->src\main\AndroidManifest.xml:57:9-32
87            android:label="@string/app_name"
87-->src\main\AndroidManifest.xml:53:9-41
88            android:launchMode="singleTask"
88-->src\main\AndroidManifest.xml:55:9-40
89            android:windowSoftInputMode="adjustResize" >
89-->src\main\AndroidManifest.xml:56:9-51
90            <intent-filter>
90-->src\main\AndroidManifest.xml:58:9-61:25
91                <action android:name="android.intent.action.MAIN" />
91-->src\main\AndroidManifest.xml:59:13-65
91-->src\main\AndroidManifest.xml:59:21-62
92
93                <category android:name="android.intent.category.LAUNCHER" />
93-->src\main\AndroidManifest.xml:60:13-73
93-->src\main\AndroidManifest.xml:60:23-70
94            </intent-filter>
95        </activity>
96
97        <meta-data
97-->src\main\AndroidManifest.xml:63:5-65:65
98            android:name="com.google.android.geo.API_KEY"
98-->src\main\AndroidManifest.xml:64:7-52
99            android:value="AIzaSyCGwi7HXdQ2dz-6Ifmhs_zh_8n-tEFqqDc" />
99-->src\main\AndroidManifest.xml:65:7-62
100
101        <provider
101-->[:react-native-webview] AndroidManifest.xml:8:9-16:20
102            android:name="com.reactnativecommunity.webview.RNCWebViewFileProvider"
102-->[:react-native-webview] AndroidManifest.xml:9:13-83
103            android:authorities="com.snps.fileprovider"
103-->[:react-native-webview] AndroidManifest.xml:10:13-64
104            android:exported="false"
104-->[:react-native-webview] AndroidManifest.xml:11:13-37
105            android:grantUriPermissions="true" >
105-->[:react-native-webview] AndroidManifest.xml:12:13-47
106            <meta-data
106-->[:react-native-webview] AndroidManifest.xml:13:13-15:63
107                android:name="android.support.FILE_PROVIDER_PATHS"
107-->[:react-native-webview] AndroidManifest.xml:14:17-67
108                android:resource="@xml/file_provider_paths" />
108-->[:react-native-webview] AndroidManifest.xml:15:17-60
109        </provider>
110
111        <activity
111-->[com.google.android.gms:play-services-auth:20.5.0] AndroidManifest.xml:23:9-27:75
112            android:name="com.google.android.gms.auth.api.signin.internal.SignInHubActivity"
112-->[com.google.android.gms:play-services-auth:20.5.0] AndroidManifest.xml:24:13-93
113            android:excludeFromRecents="true"
113-->[com.google.android.gms:play-services-auth:20.5.0] AndroidManifest.xml:25:13-46
114            android:exported="false"
114-->[com.google.android.gms:play-services-auth:20.5.0] AndroidManifest.xml:26:13-37
115            android:theme="@android:style/Theme.Translucent.NoTitleBar" />
115-->[com.google.android.gms:play-services-auth:20.5.0] AndroidManifest.xml:27:13-72
116        <!--
117            Service handling Google Sign-In user revocation. For apps that do not integrate with
118            Google Sign-In, this service will never be started.
119        -->
120        <service
120-->[com.google.android.gms:play-services-auth:20.5.0] AndroidManifest.xml:33:9-37:51
121            android:name="com.google.android.gms.auth.api.signin.RevocationBoundService"
121-->[com.google.android.gms:play-services-auth:20.5.0] AndroidManifest.xml:34:13-89
122            android:exported="true"
122-->[com.google.android.gms:play-services-auth:20.5.0] AndroidManifest.xml:35:13-36
123            android:permission="com.google.android.gms.auth.api.signin.permission.REVOCATION_NOTIFICATION"
123-->[com.google.android.gms:play-services-auth:20.5.0] AndroidManifest.xml:36:13-107
124            android:visibleToInstantApps="true" /> <!-- Needs to be explicitly declared on P+ -->
124-->[com.google.android.gms:play-services-auth:20.5.0] AndroidManifest.xml:37:13-48
125        <uses-library
125-->[com.google.android.gms:play-services-maps:18.0.2] AndroidManifest.xml:39:9-41:40
126            android:name="org.apache.http.legacy"
126-->[com.google.android.gms:play-services-maps:18.0.2] AndroidManifest.xml:40:13-50
127            android:required="false" />
127-->[com.google.android.gms:play-services-maps:18.0.2] AndroidManifest.xml:41:13-37
128
129        <activity
129-->[com.google.android.gms:play-services-base:18.1.0] AndroidManifest.xml:20:9-22:45
130            android:name="com.google.android.gms.common.api.GoogleApiActivity"
130-->[com.google.android.gms:play-services-base:18.1.0] AndroidManifest.xml:20:19-85
131            android:exported="false"
131-->[com.google.android.gms:play-services-base:18.1.0] AndroidManifest.xml:22:19-43
132            android:theme="@android:style/Theme.Translucent.NoTitleBar" />
132-->[com.google.android.gms:play-services-base:18.1.0] AndroidManifest.xml:21:19-78
133
134        <meta-data
134-->[com.google.android.gms:play-services-basement:18.2.0] AndroidManifest.xml:21:9-23:69
135            android:name="com.google.android.gms.version"
135-->[com.google.android.gms:play-services-basement:18.2.0] AndroidManifest.xml:22:13-58
136            android:value="@integer/google_play_services_version" />
136-->[com.google.android.gms:play-services-basement:18.2.0] AndroidManifest.xml:23:13-66
137        <meta-data
137-->[com.facebook.soloader:soloader:0.10.5] AndroidManifest.xml:12:9-14:37
138            android:name="com.facebook.soloader.enabled"
138-->[com.facebook.soloader:soloader:0.10.5] AndroidManifest.xml:13:13-57
139            android:value="false" />
139-->[com.facebook.soloader:soloader:0.10.5] AndroidManifest.xml:14:13-34
140
141        <provider
141-->[androidx.work:work-runtime:2.7.1] AndroidManifest.xml:31:9-39:20
142            android:name="androidx.startup.InitializationProvider"
142-->[androidx.work:work-runtime:2.7.1] AndroidManifest.xml:32:13-67
143            android:authorities="com.snps.androidx-startup"
143-->[androidx.work:work-runtime:2.7.1] AndroidManifest.xml:33:13-68
144            android:exported="false" >
144-->[androidx.work:work-runtime:2.7.1] AndroidManifest.xml:34:13-37
145            <meta-data
145-->[androidx.work:work-runtime:2.7.1] AndroidManifest.xml:36:13-38:52
146                android:name="androidx.work.WorkManagerInitializer"
146-->[androidx.work:work-runtime:2.7.1] AndroidManifest.xml:37:17-68
147                android:value="androidx.startup" />
147-->[androidx.work:work-runtime:2.7.1] AndroidManifest.xml:38:17-49
148            <meta-data
148-->[androidx.emoji2:emoji2:1.2.0] AndroidManifest.xml:29:13-31:52
149                android:name="androidx.emoji2.text.EmojiCompatInitializer"
149-->[androidx.emoji2:emoji2:1.2.0] AndroidManifest.xml:30:17-75
150                android:value="androidx.startup" />
150-->[androidx.emoji2:emoji2:1.2.0] AndroidManifest.xml:31:17-49
151            <meta-data
151-->[androidx.lifecycle:lifecycle-process:2.4.1] AndroidManifest.xml:31:13-33:52
152                android:name="androidx.lifecycle.ProcessLifecycleInitializer"
152-->[androidx.lifecycle:lifecycle-process:2.4.1] AndroidManifest.xml:32:17-78
153                android:value="androidx.startup" />
153-->[androidx.lifecycle:lifecycle-process:2.4.1] AndroidManifest.xml:33:17-49
154        </provider>
155
156        <service
156-->[androidx.work:work-runtime:2.7.1] AndroidManifest.xml:41:9-46:35
157            android:name="androidx.work.impl.background.systemalarm.SystemAlarmService"
157-->[androidx.work:work-runtime:2.7.1] AndroidManifest.xml:42:13-88
158            android:directBootAware="false"
158-->[androidx.work:work-runtime:2.7.1] AndroidManifest.xml:43:13-44
159            android:enabled="@bool/enable_system_alarm_service_default"
159-->[androidx.work:work-runtime:2.7.1] AndroidManifest.xml:44:13-72
160            android:exported="false" />
160-->[androidx.work:work-runtime:2.7.1] AndroidManifest.xml:45:13-37
161        <service
161-->[androidx.work:work-runtime:2.7.1] AndroidManifest.xml:47:9-53:35
162            android:name="androidx.work.impl.background.systemjob.SystemJobService"
162-->[androidx.work:work-runtime:2.7.1] AndroidManifest.xml:48:13-84
163            android:directBootAware="false"
163-->[androidx.work:work-runtime:2.7.1] AndroidManifest.xml:49:13-44
164            android:enabled="@bool/enable_system_job_service_default"
164-->[androidx.work:work-runtime:2.7.1] AndroidManifest.xml:50:13-70
165            android:exported="true"
165-->[androidx.work:work-runtime:2.7.1] AndroidManifest.xml:51:13-36
166            android:permission="android.permission.BIND_JOB_SERVICE" />
166-->[androidx.work:work-runtime:2.7.1] AndroidManifest.xml:52:13-69
167        <service
167-->[androidx.work:work-runtime:2.7.1] AndroidManifest.xml:54:9-59:35
168            android:name="androidx.work.impl.foreground.SystemForegroundService"
168-->[androidx.work:work-runtime:2.7.1] AndroidManifest.xml:55:13-81
169            android:directBootAware="false"
169-->[androidx.work:work-runtime:2.7.1] AndroidManifest.xml:56:13-44
170            android:enabled="@bool/enable_system_foreground_service_default"
170-->[androidx.work:work-runtime:2.7.1] AndroidManifest.xml:57:13-77
171            android:exported="false" />
171-->[androidx.work:work-runtime:2.7.1] AndroidManifest.xml:58:13-37
172
173        <receiver
173-->[androidx.work:work-runtime:2.7.1] AndroidManifest.xml:61:9-66:35
174            android:name="androidx.work.impl.utils.ForceStopRunnable$BroadcastReceiver"
174-->[androidx.work:work-runtime:2.7.1] AndroidManifest.xml:62:13-88
175            android:directBootAware="false"
175-->[androidx.work:work-runtime:2.7.1] AndroidManifest.xml:63:13-44
176            android:enabled="true"
176-->[androidx.work:work-runtime:2.7.1] AndroidManifest.xml:64:13-35
177            android:exported="false" />
177-->[androidx.work:work-runtime:2.7.1] AndroidManifest.xml:65:13-37
178        <receiver
178-->[androidx.work:work-runtime:2.7.1] AndroidManifest.xml:67:9-77:20
179            android:name="androidx.work.impl.background.systemalarm.ConstraintProxy$BatteryChargingProxy"
179-->[androidx.work:work-runtime:2.7.1] AndroidManifest.xml:68:13-106
180            android:directBootAware="false"
180-->[androidx.work:work-runtime:2.7.1] AndroidManifest.xml:69:13-44
181            android:enabled="false"
181-->[androidx.work:work-runtime:2.7.1] AndroidManifest.xml:70:13-36
182            android:exported="false" >
182-->[androidx.work:work-runtime:2.7.1] AndroidManifest.xml:71:13-37
183            <intent-filter>
183-->[androidx.work:work-runtime:2.7.1] AndroidManifest.xml:73:13-76:29
184                <action android:name="android.intent.action.ACTION_POWER_CONNECTED" />
184-->[androidx.work:work-runtime:2.7.1] AndroidManifest.xml:74:17-87
184-->[androidx.work:work-runtime:2.7.1] AndroidManifest.xml:74:25-84
185                <action android:name="android.intent.action.ACTION_POWER_DISCONNECTED" />
185-->[androidx.work:work-runtime:2.7.1] AndroidManifest.xml:75:17-90
185-->[androidx.work:work-runtime:2.7.1] AndroidManifest.xml:75:25-87
186            </intent-filter>
187        </receiver>
188        <receiver
188-->[androidx.work:work-runtime:2.7.1] AndroidManifest.xml:78:9-88:20
189            android:name="androidx.work.impl.background.systemalarm.ConstraintProxy$BatteryNotLowProxy"
189-->[androidx.work:work-runtime:2.7.1] AndroidManifest.xml:79:13-104
190            android:directBootAware="false"
190-->[androidx.work:work-runtime:2.7.1] AndroidManifest.xml:80:13-44
191            android:enabled="false"
191-->[androidx.work:work-runtime:2.7.1] AndroidManifest.xml:81:13-36
192            android:exported="false" >
192-->[androidx.work:work-runtime:2.7.1] AndroidManifest.xml:82:13-37
193            <intent-filter>
193-->[androidx.work:work-runtime:2.7.1] AndroidManifest.xml:84:13-87:29
194                <action android:name="android.intent.action.BATTERY_OKAY" />
194-->[androidx.work:work-runtime:2.7.1] AndroidManifest.xml:85:17-77
194-->[androidx.work:work-runtime:2.7.1] AndroidManifest.xml:85:25-74
195                <action android:name="android.intent.action.BATTERY_LOW" />
195-->[androidx.work:work-runtime:2.7.1] AndroidManifest.xml:86:17-76
195-->[androidx.work:work-runtime:2.7.1] AndroidManifest.xml:86:25-73
196            </intent-filter>
197        </receiver>
198        <receiver
198-->[androidx.work:work-runtime:2.7.1] AndroidManifest.xml:89:9-99:20
199            android:name="androidx.work.impl.background.systemalarm.ConstraintProxy$StorageNotLowProxy"
199-->[androidx.work:work-runtime:2.7.1] AndroidManifest.xml:90:13-104
200            android:directBootAware="false"
200-->[androidx.work:work-runtime:2.7.1] AndroidManifest.xml:91:13-44
201            android:enabled="false"
201-->[androidx.work:work-runtime:2.7.1] AndroidManifest.xml:92:13-36
202            android:exported="false" >
202-->[androidx.work:work-runtime:2.7.1] AndroidManifest.xml:93:13-37
203            <intent-filter>
203-->[androidx.work:work-runtime:2.7.1] AndroidManifest.xml:95:13-98:29
204                <action android:name="android.intent.action.DEVICE_STORAGE_LOW" />
204-->[androidx.work:work-runtime:2.7.1] AndroidManifest.xml:96:17-83
204-->[androidx.work:work-runtime:2.7.1] AndroidManifest.xml:96:25-80
205                <action android:name="android.intent.action.DEVICE_STORAGE_OK" />
205-->[androidx.work:work-runtime:2.7.1] AndroidManifest.xml:97:17-82
205-->[androidx.work:work-runtime:2.7.1] AndroidManifest.xml:97:25-79
206            </intent-filter>
207        </receiver>
208        <receiver
208-->[androidx.work:work-runtime:2.7.1] AndroidManifest.xml:100:9-109:20
209            android:name="androidx.work.impl.background.systemalarm.ConstraintProxy$NetworkStateProxy"
209-->[androidx.work:work-runtime:2.7.1] AndroidManifest.xml:101:13-103
210            android:directBootAware="false"
210-->[androidx.work:work-runtime:2.7.1] AndroidManifest.xml:102:13-44
211            android:enabled="false"
211-->[androidx.work:work-runtime:2.7.1] AndroidManifest.xml:103:13-36
212            android:exported="false" >
212-->[androidx.work:work-runtime:2.7.1] AndroidManifest.xml:104:13-37
213            <intent-filter>
213-->[androidx.work:work-runtime:2.7.1] AndroidManifest.xml:106:13-108:29
214                <action android:name="android.net.conn.CONNECTIVITY_CHANGE" />
214-->[androidx.work:work-runtime:2.7.1] AndroidManifest.xml:107:17-79
214-->[androidx.work:work-runtime:2.7.1] AndroidManifest.xml:107:25-76
215            </intent-filter>
216        </receiver>
217        <receiver
217-->[androidx.work:work-runtime:2.7.1] AndroidManifest.xml:110:9-121:20
218            android:name="androidx.work.impl.background.systemalarm.RescheduleReceiver"
218-->[androidx.work:work-runtime:2.7.1] AndroidManifest.xml:111:13-88
219            android:directBootAware="false"
219-->[androidx.work:work-runtime:2.7.1] AndroidManifest.xml:112:13-44
220            android:enabled="false"
220-->[androidx.work:work-runtime:2.7.1] AndroidManifest.xml:113:13-36
221            android:exported="false" >
221-->[androidx.work:work-runtime:2.7.1] AndroidManifest.xml:114:13-37
222            <intent-filter>
222-->[androidx.work:work-runtime:2.7.1] AndroidManifest.xml:116:13-120:29
223                <action android:name="android.intent.action.BOOT_COMPLETED" />
223-->[androidx.work:work-runtime:2.7.1] AndroidManifest.xml:117:17-79
223-->[androidx.work:work-runtime:2.7.1] AndroidManifest.xml:117:25-76
224                <action android:name="android.intent.action.TIME_SET" />
224-->[androidx.work:work-runtime:2.7.1] AndroidManifest.xml:118:17-73
224-->[androidx.work:work-runtime:2.7.1] AndroidManifest.xml:118:25-70
225                <action android:name="android.intent.action.TIMEZONE_CHANGED" />
225-->[androidx.work:work-runtime:2.7.1] AndroidManifest.xml:119:17-81
225-->[androidx.work:work-runtime:2.7.1] AndroidManifest.xml:119:25-78
226            </intent-filter>
227        </receiver>
228        <receiver
228-->[androidx.work:work-runtime:2.7.1] AndroidManifest.xml:122:9-131:20
229            android:name="androidx.work.impl.background.systemalarm.ConstraintProxyUpdateReceiver"
229-->[androidx.work:work-runtime:2.7.1] AndroidManifest.xml:123:13-99
230            android:directBootAware="false"
230-->[androidx.work:work-runtime:2.7.1] AndroidManifest.xml:124:13-44
231            android:enabled="@bool/enable_system_alarm_service_default"
231-->[androidx.work:work-runtime:2.7.1] AndroidManifest.xml:125:13-72
232            android:exported="false" >
232-->[androidx.work:work-runtime:2.7.1] AndroidManifest.xml:126:13-37
233            <intent-filter>
233-->[androidx.work:work-runtime:2.7.1] AndroidManifest.xml:128:13-130:29
234                <action android:name="androidx.work.impl.background.systemalarm.UpdateProxies" />
234-->[androidx.work:work-runtime:2.7.1] AndroidManifest.xml:129:17-98
234-->[androidx.work:work-runtime:2.7.1] AndroidManifest.xml:129:25-95
235            </intent-filter>
236        </receiver>
237        <receiver
237-->[androidx.work:work-runtime:2.7.1] AndroidManifest.xml:132:9-142:20
238            android:name="androidx.work.impl.diagnostics.DiagnosticsReceiver"
238-->[androidx.work:work-runtime:2.7.1] AndroidManifest.xml:133:13-78
239            android:directBootAware="false"
239-->[androidx.work:work-runtime:2.7.1] AndroidManifest.xml:134:13-44
240            android:enabled="true"
240-->[androidx.work:work-runtime:2.7.1] AndroidManifest.xml:135:13-35
241            android:exported="true"
241-->[androidx.work:work-runtime:2.7.1] AndroidManifest.xml:136:13-36
242            android:permission="android.permission.DUMP" >
242-->[androidx.work:work-runtime:2.7.1] AndroidManifest.xml:137:13-57
243            <intent-filter>
243-->[androidx.work:work-runtime:2.7.1] AndroidManifest.xml:139:13-141:29
244                <action android:name="androidx.work.diagnostics.REQUEST_DIAGNOSTICS" />
244-->[androidx.work:work-runtime:2.7.1] AndroidManifest.xml:140:17-88
244-->[androidx.work:work-runtime:2.7.1] AndroidManifest.xml:140:25-85
245            </intent-filter>
246        </receiver>
247
248        <service
248-->[androidx.room:room-runtime:2.2.5] AndroidManifest.xml:25:9-28:40
249            android:name="androidx.room.MultiInstanceInvalidationService"
249-->[androidx.room:room-runtime:2.2.5] AndroidManifest.xml:26:13-74
250            android:directBootAware="true"
250-->[androidx.room:room-runtime:2.2.5] AndroidManifest.xml:27:13-43
251            android:exported="false" />
251-->[androidx.room:room-runtime:2.2.5] AndroidManifest.xml:28:13-37
252    </application>
253
254</manifest>